TN:
SF:C:\Users\ZuumaPC\Downloads\ANDELA\inverted-index\src\js\inverted-index.js
FN:15,(anonymous_1)
FN:25,(anonymous_2)
FN:43,(anonymous_3)
FN:69,(anonymous_4)
FN:79,(anonymous_5)
FN:103,(anonymous_6)
FNF:6
FNH:6
FNDA:1,(anonymous_1)
FNDA:11,(anonymous_2)
FNDA:2,(anonymous_3)
FNDA:4,(anonymous_4)
FNDA:5,(anonymous_5)
FNDA:5,(anonymous_6)
DA:16,1
DA:26,11
DA:27,11
DA:28,11
DA:29,104
DA:30,89
DA:33,11
DA:44,2
DA:45,2
DA:46,4
DA:47,4
DA:48,65
DA:49,4
DA:51,61
DA:52,61
DA:55,4
DA:57,2
DA:70,4
DA:80,5
DA:81,5
DA:82,5
DA:83,5
DA:84,6
DA:85,6
DA:86,6
DA:87,25
DA:88,25
DA:89,16
DA:91,9
DA:95,5
DA:104,5
DA:105,5
DA:106,5
DA:107,2
DA:109,5
DA:110,4
DA:111,2
DA:115,1
DA:117,5
LF:39
LH:39
BRDA:29,1,0,89
BRDA:29,1,1,15
BRDA:48,2,0,4
BRDA:48,2,1,61
BRDA:81,3,0,4
BRDA:81,3,1,1
BRDA:88,4,0,16
BRDA:88,4,1,9
BRDA:106,5,0,2
BRDA:106,5,1,3
BRDA:106,6,0,5
BRDA:106,6,1,4
BRDA:110,7,0,2
BRDA:110,7,1,2
BRDA:110,8,0,4
BRDA:110,8,1,3
BRF:16
BRH:16
end_of_record
