TN:
SF:C:\Users\ZuumaPC\Downloads\ANDELA\inverted-index\src\js\inverted-index.js
FN:13,(anonymous_1)
FN:23,(anonymous_2)
FN:42,(anonymous_3)
FN:68,(anonymous_4)
FN:78,(anonymous_5)
FN:102,(anonymous_6)
FNF:6
FNH:6
FNDA:1,(anonymous_1)
FNDA:11,(anonymous_2)
FNDA:2,(anonymous_3)
FNDA:4,(anonymous_4)
FNDA:5,(anonymous_5)
FNDA:5,(anonymous_6)
DA:14,1
DA:24,11
DA:25,11
DA:26,11
DA:27,11
DA:28,104
DA:29,89
DA:32,11
DA:43,2
DA:44,2
DA:45,4
DA:46,4
DA:47,65
DA:48,4
DA:50,61
DA:51,61
DA:54,4
DA:56,2
DA:69,4
DA:79,5
DA:80,5
DA:81,5
DA:82,5
DA:83,6
DA:84,6
DA:85,6
DA:86,25
DA:87,25
DA:88,16
DA:90,9
DA:94,5
DA:103,5
DA:104,5
DA:105,5
DA:106,5
DA:107,2
DA:109,5
DA:110,4
DA:111,2
DA:115,1
DA:117,5
LF:41
LH:41
BRDA:28,1,0,89
BRDA:28,1,1,15
BRDA:47,2,0,4
BRDA:47,2,1,61
BRDA:80,3,0,4
BRDA:80,3,1,1
BRDA:87,4,0,16
BRDA:87,4,1,9
BRDA:106,5,0,2
BRDA:106,5,1,3
BRDA:106,6,0,5
BRDA:106,6,1,4
BRDA:110,7,0,2
BRDA:110,7,1,2
BRDA:110,8,0,4
BRDA:110,8,1,3
BRF:16
BRH:16
end_of_record
